0 info it worked if it ends with ok
1 verbose cli [ '/Users/maca/.nvm/versions/node/v7.6.0/bin/node',
1 verbose cli   '/Users/maca/.nvm/versions/node/v7.6.0/bin/npm',
1 verbose cli   'run',
1 verbose cli   'server' ]
2 info using npm@4.1.2
3 info using node@v7.6.0
4 verbose run-script [ 'preserver', 'server', 'postserver' ]
5 info lifecycle fem-ng2-ngrx-app@0.0.1~preserver: fem-ng2-ngrx-app@0.0.1
6 silly lifecycle fem-ng2-ngrx-app@0.0.1~preserver: no script for preserver, continuing
7 info lifecycle fem-ng2-ngrx-app@0.0.1~server: fem-ng2-ngrx-app@0.0.1
8 verbose lifecycle fem-ng2-ngrx-app@0.0.1~server: unsafe-perm in lifecycle true
9 verbose lifecycle fem-ng2-ngrx-app@0.0.1~server: PATH: /Users/maca/.nvm/versions/node/v7.6.0/lib/node_modules/npm/bin/node-gyp-bin:/Users/maca/Sites/ng2-ngrx/node_modules/.bin:/Users/maca/.nvm/versions/node/v7.6.0/lib/node_modules/npm/bin/node-gyp-bin:/Users/maca/Sites/ng2-ngrx/node_modules/.bin:/Users/maca/.nvm/versions/node/v7.6.0/bin:/Users/maca/bin:/usr/local/bin:/Users/maca/bin:/usr/local/bin:/usr/local/bin:/usr/bin:/bin:/usr/sbin:/sbin:/usr/local/go/bin
10 verbose lifecycle fem-ng2-ngrx-app@0.0.1~server: CWD: /Users/maca/Sites/ng2-ngrx
11 silly lifecycle fem-ng2-ngrx-app@0.0.1~server: Args: [ '-c', 'json-server --watch server/api/db.json' ]
12 info lifecycle fem-ng2-ngrx-app@0.0.1~server: Failed to exec server script
13 verbose stack Error: fem-ng2-ngrx-app@0.0.1 server: `json-server --watch server/api/db.json`
13 verbose stack spawn ENOENT
13 verbose stack     at ChildProcess.<anonymous> (/Users/maca/.nvm/versions/node/v7.6.0/lib/node_modules/npm/lib/utils/spawn.js:33:16)
13 verbose stack     at emitTwo (events.js:106:13)
13 verbose stack     at ChildProcess.emit (events.js:192:7)
13 verbose stack     at maybeClose (internal/child_process.js:890:16)
13 verbose stack     at Process.ChildProcess._handle.onexit (internal/child_process.js:226:5)
14 verbose pkgid fem-ng2-ngrx-app@0.0.1
15 verbose cwd /Users/maca/Sites/ng2-ngrx
16 error Darwin 16.4.0
17 error argv "/Users/maca/.nvm/versions/node/v7.6.0/bin/node" "/Users/maca/.nvm/versions/node/v7.6.0/bin/npm" "run" "server"
18 error node v7.6.0
19 error npm  v4.1.2
20 error file sh
21 error code ELIFECYCLE
22 error errno ENOENT
23 error syscall spawn
24 error fem-ng2-ngrx-app@0.0.1 server: `json-server --watch server/api/db.json`
24 error spawn ENOENT
25 error Failed at the fem-ng2-ngrx-app@0.0.1 server script 'json-server --watch server/api/db.json'.
25 error Make sure you have the latest version of node.js and npm installed.
25 error If you do, this is most likely a problem with the fem-ng2-ngrx-app package,
25 error not with npm itself.
25 error Tell the author that this fails on your system:
25 error     json-server --watch server/api/db.json
25 error You can get information on how to open an issue for this project with:
25 error     npm bugs fem-ng2-ngrx-app
25 error Or if that isn't available, you can get their info via:
25 error     npm owner ls fem-ng2-ngrx-app
25 error There is likely additional logging output above.
26 verbose exit [ 1, true ]
